<?xml version="1.0" encoding="UTF-8"?>
<!-- Generated by org.testng.reporters.JUnitReportReporter -->
<testsuite hostname="LAPTOP-RT4J0MA9" failures="0" tests="2" name="pkg1.classB" time="0.002" errors="0" timestamp="2021-07-05T20:01:07 IST" skipped="0">
  <testcase classname="pkg1.classB" name="Testmethod" time="0.001"/>
  <system-out/>
  <testcase classname="pkg1.classB" name="Testmethod" time="0.001"/>
  <system-out/>
</testsuite> <!-- pkg1.classB -->
