<?xml version="1.0" encoding="UTF-8"?>
<!-- Generated by org.testng.reporters.JUnitReportReporter -->
<testsuite hostname="LAPTOP-RT4J0MA9" failures="0" tests="1" name="tests.NewTest" time="10.432" errors="0" timestamp="2021-10-21T11:07:38 IST" skipped="0">
  <testcase classname="tests.NewTest" name="f" time="10.432"/>
  <system-out/>
</testsuite> <!-- tests.NewTest -->
