<?xml version="1.0" encoding="UTF-8"?>
<!-- Generated by org.testng.reporters.JUnitReportReporter -->
<testsuite hostname="LAPTOP-RT4J0MA9" failures="0" tests="3" name="pkg1.NewTest2" time="0.019" errors="0" timestamp="2021-07-19T13:07:20 IST" skipped="0">
  <testcase classname="pkg1.NewTest2" name="f4" time="0.012"/>
  <system-out/>
  <testcase classname="pkg1.NewTest2" name="f6" time="0.004"/>
  <system-out>
Using reportering  </system-out>
  <testcase classname="pkg1.NewTest2" name="f5" time="0.003"/>
  <system-out/>
</testsuite> <!-- pkg1.NewTest2 -->
