<?xml version="1.0" encoding="UTF-8"?>
<!-- Generated by org.testng.reporters.JUnitReportReporter -->
<testsuite hostname="LAPTOP-RT4J0MA9" failures="0" tests="6" name="pkg1.NewTest1" time="0.016" errors="0" timestamp="2021-07-19T12:54:45 IST" skipped="0">
  <testcase classname="pkg1.NewTest1" name="f2" time="0.003"/>
  <system-out/>
  <testcase classname="pkg1.NewTest1" name="f3" time="0.001"/>
  <system-out/>
  <testcase classname="pkg1.NewTest1" name="f3" time="0.002"/>
  <system-out/>
  <testcase classname="pkg1.NewTest1" name="f1" time="0.007"/>
  <system-out/>
  <testcase classname="pkg1.NewTest1" name="f2" time="0.001"/>
  <system-out/>
  <testcase classname="pkg1.NewTest1" name="f1" time="0.002"/>
  <system-out/>
</testsuite> <!-- pkg1.NewTest1 -->
