<?xml version="1.0" encoding="UTF-8"?>
<!-- Generated by org.testng.reporters.JUnitReportReporter -->
<testsuite hostname="LAPTOP-RT4J0MA9" failures="0" tests="2" name="pkg1.classA" time="0.010" errors="0" timestamp="2021-07-05T20:01:07 IST" skipped="0">
  <testcase classname="pkg1.classA" name="Testmethod1" time="0.009"/>
  <system-out/>
  <testcase classname="pkg1.classA" name="Testmethod2" time="0.001"/>
  <system-out/>
</testsuite> <!-- pkg1.classA -->
