<?xml version="1.0" encoding="UTF-8"?>
<!-- Generated by org.testng.reporters.JUnitReportReporter -->
<testsuite hostname="LAPTOP-RT4J0MA9" failures="0" tests="1" name="tests.class1" time="3.514" errors="0" timestamp="2021-10-25T14:26:06 IST" skipped="0">
  <testcase classname="tests.class1" name="A" time="3.514"/>
  <system-out/>
</testsuite> <!-- tests.class1 -->
