<?xml version="1.0" encoding="UTF-8"?>
<!-- Generated by org.testng.reporters.JUnitReportReporter -->
<testsuite hostname="LAPTOP-RT4J0MA9" failures="0" tests="1" name="tests.class2" time="3.411" errors="0" timestamp="2022-01-09T13:51:14 IST" skipped="0">
  <testcase classname="tests.class2" name="A" time="3.411"/>
  <system-out/>
</testsuite> <!-- tests.class2 -->
