<?xml version="1.0" encoding="UTF-8"?>
<!-- Generated by org.testng.reporters.JUnitReportReporter -->
<testsuite hostname="rkagr55" failures="0" tests="1" name="tests.class1" time="2.303" errors="0" timestamp="2022-05-11T19:53:07 IST" skipped="0">
  <testcase classname="tests.class1" name="A" time="2.303"/>
  <system-out/>
</testsuite> <!-- tests.class1 -->
