<?xml version="1.0" encoding="UTF-8"?>
<!-- Generated by org.testng.reporters.JUnitReportReporter -->
<testsuite hostname="LAPTOP-RT4J0MA9" failures="0" tests="1" name="tests.class1" time="1.399" errors="0" timestamp="2022-01-09T13:51:14 IST" skipped="0">
  <testcase classname="tests.class1" name="A" time="1.399"/>
  <system-out/>
</testsuite> <!-- tests.class1 -->
